0 info it worked if it ends with ok
1 verbose cli [ '/usr/local/bin/node',
1 verbose cli   '/usr/local/bin/npm',
1 verbose cli   'install',
1 verbose cli   'flow-router' ]
2 info using npm@2.15.1
3 info using node@v4.4.3
4 verbose install initial load of /Users/francisbissonnette/DEV/pollarizer/pollarizer/pollarizer/package.json
5 verbose installManyTop reading scoped package data from /Users/francisbissonnette/DEV/pollarizer/pollarizer/pollarizer/node_modules/asap/package.json
6 verbose installManyTop reading scoped package data from /Users/francisbissonnette/DEV/pollarizer/pollarizer/pollarizer/node_modules/core-js/package.json
7 verbose installManyTop reading scoped package data from /Users/francisbissonnette/DEV/pollarizer/pollarizer/pollarizer/node_modules/encoding/package.json
8 verbose installManyTop reading scoped package data from /Users/francisbissonnette/DEV/pollarizer/pollarizer/pollarizer/node_modules/fbjs/package.json
9 verbose installManyTop reading scoped package data from /Users/francisbissonnette/DEV/pollarizer/pollarizer/pollarizer/node_modules/iconv-lite/package.json
10 verbose installManyTop reading scoped package data from /Users/francisbissonnette/DEV/pollarizer/pollarizer/pollarizer/node_modules/immutable/package.json
11 verbose installManyTop reading scoped package data from /Users/francisbissonnette/DEV/pollarizer/pollarizer/pollarizer/node_modules/is-stream/package.json
12 verbose installManyTop reading scoped package data from /Users/francisbissonnette/DEV/pollarizer/pollarizer/pollarizer/node_modules/isomorphic-fetch/package.json
13 verbose installManyTop reading scoped package data from /Users/francisbissonnette/DEV/pollarizer/pollarizer/pollarizer/node_modules/js-tokens/package.json
14 verbose installManyTop reading scoped package data from /Users/francisbissonnette/DEV/pollarizer/pollarizer/pollarizer/node_modules/loose-envify/package.json
15 verbose installManyTop reading scoped package data from /Users/francisbissonnette/DEV/pollarizer/pollarizer/pollarizer/node_modules/node-fetch/package.json
16 verbose installManyTop reading scoped package data from /Users/francisbissonnette/DEV/pollarizer/pollarizer/pollarizer/node_modules/object-assign/package.json
17 verbose installManyTop reading scoped package data from /Users/francisbissonnette/DEV/pollarizer/pollarizer/pollarizer/node_modules/promise/package.json
18 verbose installManyTop reading scoped package data from /Users/francisbissonnette/DEV/pollarizer/pollarizer/pollarizer/node_modules/react/package.json
19 verbose installManyTop reading scoped package data from /Users/francisbissonnette/DEV/pollarizer/pollarizer/pollarizer/node_modules/react-dom/package.json
20 verbose installManyTop reading scoped package data from /Users/francisbissonnette/DEV/pollarizer/pollarizer/pollarizer/node_modules/ua-parser-js/package.json
21 verbose installManyTop reading scoped package data from /Users/francisbissonnette/DEV/pollarizer/pollarizer/pollarizer/node_modules/whatwg-fetch/package.json
22 info package.json ua-parser-js@0.7.10 No license field.
23 verbose readDependencies loading dependencies from /Users/francisbissonnette/DEV/pollarizer/pollarizer/pollarizer/package.json
24 silly cache add args [ 'flow-router', null ]
25 verbose cache add spec flow-router
26 silly cache add parsed spec Result {
26 silly cache add   raw: 'flow-router',
26 silly cache add   scope: null,
26 silly cache add   name: 'flow-router',
26 silly cache add   rawSpec: '',
26 silly cache add   spec: 'latest',
26 silly cache add   type: 'tag' }
27 silly addNamed flow-router@latest
28 verbose addNamed "latest" is being treated as a dist-tag for flow-router
29 info addNameTag [ 'flow-router', 'latest' ]
30 silly mapToRegistry name flow-router
31 silly mapToRegistry using default registry
32 silly mapToRegistry registry https://registry.npmjs.org/
33 silly mapToRegistry data Result {
33 silly mapToRegistry   raw: 'flow-router',
33 silly mapToRegistry   scope: null,
33 silly mapToRegistry   name: 'flow-router',
33 silly mapToRegistry   rawSpec: '',
33 silly mapToRegistry   spec: 'latest',
33 silly mapToRegistry   type: 'tag' }
34 silly mapToRegistry uri https://registry.npmjs.org/flow-router
35 verbose addNameTag registry:https://registry.npmjs.org/flow-router not in flight; fetching
36 verbose request uri https://registry.npmjs.org/flow-router
37 verbose request no auth needed
38 info attempt registry request try #1 at 9:28:08 PM
39 verbose request id 34623bfdc1739258
40 http request GET https://registry.npmjs.org/flow-router
41 http 404 https://registry.npmjs.org/flow-router
42 verbose headers { 'content-type': 'application/json',
42 verbose headers   'cache-control': 'max-age=0',
42 verbose headers   'content-length': '2',
42 verbose headers   'accept-ranges': 'bytes',
42 verbose headers   date: 'Thu, 18 Aug 2016 01:28:08 GMT',
42 verbose headers   via: '1.1 varnish',
42 verbose headers   age: '0',
42 verbose headers   connection: 'keep-alive',
42 verbose headers   'x-served-by': 'cache-jfk8148-JFK',
42 verbose headers   'x-cache': 'MISS',
42 verbose headers   'x-cache-hits': '0',
42 verbose headers   'x-timer': 'S1471483688.173786,VS0,VE105',
42 verbose headers   vary: 'Accept-Encoding' }
43 silly get cb [ 404,
43 silly get   { 'content-type': 'application/json',
43 silly get     'cache-control': 'max-age=0',
43 silly get     'content-length': '2',
43 silly get     'accept-ranges': 'bytes',
43 silly get     date: 'Thu, 18 Aug 2016 01:28:08 GMT',
43 silly get     via: '1.1 varnish',
43 silly get     age: '0',
43 silly get     connection: 'keep-alive',
43 silly get     'x-served-by': 'cache-jfk8148-JFK',
43 silly get     'x-cache': 'MISS',
43 silly get     'x-cache-hits': '0',
43 silly get     'x-timer': 'S1471483688.173786,VS0,VE105',
43 silly get     vary: 'Accept-Encoding' } ]
44 verbose stack Error: Registry returned 404 for GET on https://registry.npmjs.org/flow-router
44 verbose stack     at makeError (/usr/local/lib/node_modules/npm/node_modules/npm-registry-client/lib/request.js:264:12)
44 verbose stack     at CachingRegistryClient.<anonymous> (/usr/local/lib/node_modules/npm/node_modules/npm-registry-client/lib/request.js:242:14)
44 verbose stack     at Request._callback (/usr/local/lib/node_modules/npm/node_modules/npm-registry-client/lib/request.js:172:14)
44 verbose stack     at Request.self.callback (/usr/local/lib/node_modules/npm/node_modules/request/request.js:199:22)
44 verbose stack     at emitTwo (events.js:87:13)
44 verbose stack     at Request.emit (events.js:172:7)
44 verbose stack     at Request.<anonymous> (/usr/local/lib/node_modules/npm/node_modules/request/request.js:1036:10)
44 verbose stack     at emitOne (events.js:82:20)
44 verbose stack     at Request.emit (events.js:169:7)
44 verbose stack     at IncomingMessage.<anonymous> (/usr/local/lib/node_modules/npm/node_modules/request/request.js:963:12)
45 verbose statusCode 404
46 verbose pkgid flow-router
47 verbose cwd /Users/francisbissonnette/DEV/pollarizer/pollarizer/pollarizer
48 error Darwin 14.5.0
49 error argv "/usr/local/bin/node" "/usr/local/bin/npm" "install" "flow-router"
50 error node v4.4.3
51 error npm  v2.15.1
52 error code E404
53 error 404 Registry returned 404 for GET on https://registry.npmjs.org/flow-router
53 error 404
53 error 404 'flow-router' is not in the npm registry.
53 error 404 You should bug the author to publish it (or use the name yourself!)
53 error 404 It was specified as a dependency of 'pollarizer'
53 error 404
53 error 404 Note that you can also install from a
53 error 404 tarball, folder, http url, or git url.
54 verbose exit [ 1, true ]
